<?xml version="1.0" encoding="UTF-8"?>
<!-- Generated by org.testng.reporters.JUnitReportReporter -->
<testsuite hostname="mahis-MacBook-Pro.local" failures="0" tests="1" name="com.test.NumberConvertion" time="0.024" errors="0" timestamp="2024-03-05T15:56:20 IST" skipped="0">
  <testcase classname="com.test.NumberConvertion" name="testNumber" time="0.024"/>
  <system-out/>
</testsuite> <!-- com.test.NumberConvertion -->
