<?xml version="1.0" encoding="UTF-8"?>
<!-- Generated by org.testng.reporters.JUnitReportReporter -->
<testsuite hostname="mahis-MacBook-Pro.local" failures="0" tests="1" name="com.test.RestAssuredDemo" time="1.938" errors="0" timestamp="2024-06-26T12:42:47 IST" skipped="0">
  <testcase classname="com.test.RestAssuredDemo" name="getRequestDemo" time="1.938"/>
  <system-out/>
</testsuite> <!-- com.test.RestAssuredDemo -->
