<?xml version="1.0" encoding="UTF-8"?>
<!-- Generated by org.testng.reporters.JUnitReportReporter -->
<testsuite hostname="mahis-MacBook-Pro.local" failures="0" tests="14" name="com.test.test_scenarios.TestScenario1" time="34.535" errors="0" timestamp="2024-07-03T10:52:55 IST" skipped="0">
  <testcase classname="com.test.test_scenarios.TestScenario1" name="validateHomePageLikns" time="0.026"/>
  <system-out/>
  <testcase classname="com.test.test_scenarios.TestScenario1" name="validate_Login" time="8.232"/>
  <system-out/>
  <testcase classname="com.test.test_scenarios.TestScenario1" name="validateHomePageLikns" time="0.031"/>
  <system-out/>
  <testcase classname="com.test.test_scenarios.TestScenario1" name="validateHomePageLikns" time="0.025"/>
  <system-out/>
  <testcase classname="com.test.test_scenarios.TestScenario1" name="validateHomePageLikns" time="0.021"/>
  <system-out/>
  <testcase classname="com.test.test_scenarios.TestScenario1" name="validate_Login" time="3.584"/>
  <system-out/>
  <testcase classname="com.test.test_scenarios.TestScenario1" name="validate_Login" time="7.718"/>
  <system-out/>
  <testcase classname="com.test.test_scenarios.TestScenario1" name="validateHomePageLikns" time="0.020"/>
  <system-out/>
  <testcase classname="com.test.test_scenarios.TestScenario1" name="validateHomePageLikns" time="0.023"/>
  <system-out/>
  <testcase classname="com.test.test_scenarios.TestScenario1" name="validate_Login" time="4.147"/>
  <system-out/>
  <testcase classname="com.test.test_scenarios.TestScenario1" name="toolTipDemo" time="7.217"/>
  <system-out/>
  <testcase classname="com.test.test_scenarios.TestScenario1" name="validate_Login" time="3.441"/>
  <system-out/>
  <testcase classname="com.test.test_scenarios.TestScenario1" name="validateHomePageLikns" time="0.025"/>
  <system-out/>
  <testcase classname="com.test.test_scenarios.TestScenario1" name="validateHomePageLikns" time="0.025"/>
  <system-out/>
</testsuite> <!-- com.test.test_scenarios.TestScenario1 -->
