<?xml version="1.0" encoding="UTF-8"?>
<!-- Generated by org.testng.reporters.JUnitReportReporter -->
<testsuite hostname="mahis-MacBook-Pro.local" failures="0" tests="1" name="com.test.Scenario1" time="41.831" errors="0" timestamp="2023-12-30T21:36:55 IST" skipped="0">
  <testcase classname="com.test.Scenario1" name="test" time="41.831"/>
  <system-out/>
</testsuite> <!-- com.test.Scenario1 -->
