<?xml version="1.0" encoding="UTF-8"?>
<!-- Generated by org.testng.reporters.JUnitReportReporter -->
<testsuite hostname="mahis-MacBook-Pro.local" failures="0" tests="4" name="com.test.test_scenarios.TestScenario2" time="29.730" errors="0" timestamp="2024-07-03T10:52:55 IST" skipped="0">
  <testcase classname="com.test.test_scenarios.TestScenario2" name="validateFileUpload" time="8.075"/>
  <system-out/>
  <testcase classname="com.test.test_scenarios.TestScenario2" name="validate_HTML_Table" time="0.810"/>
  <system-out/>
  <testcase classname="com.test.test_scenarios.TestScenario2" name="validateDatePicker" time="18.177"/>
  <system-out/>
  <testcase classname="com.test.test_scenarios.TestScenario2" name="validated_Drag_Drop" time="2.668"/>
  <system-out/>
</testsuite> <!-- com.test.test_scenarios.TestScenario2 -->
