<?xml version="1.0" encoding="UTF-8"?>
<!-- Generated by org.testng.reporters.JUnitReportReporter -->
<testsuite hostname="mahis-MacBook-Pro.local" failures="0" tests="10" name="com.test.test_scenarios.TestScenario1" time="17.516" errors="0" timestamp="2024-07-02T14:03:48 IST" skipped="0">
  <testcase classname="com.test.test_scenarios.TestScenario1" name="validateHomePageLikns" time="0.017"/>
  <system-out/>
  <testcase classname="com.test.test_scenarios.TestScenario1" name="toolTipDemo" time="2.612"/>
  <system-out/>
  <testcase classname="com.test.test_scenarios.TestScenario1" name="validateHomePageLikns" time="0.017"/>
  <system-out/>
  <testcase classname="com.test.test_scenarios.TestScenario1" name="validateHomePageLikns" time="5.035"/>
  <system-out/>
  <testcase classname="com.test.test_scenarios.TestScenario1" name="validateHomePageLikns" time="0.019"/>
  <system-out/>
  <testcase classname="com.test.test_scenarios.TestScenario1" name="validateHomePageLikns" time="0.016"/>
  <system-out/>
  <testcase classname="com.test.test_scenarios.TestScenario1" name="validateHomePageLikns" time="0.020"/>
  <system-out/>
  <testcase classname="com.test.test_scenarios.TestScenario1" name="validateHomePageLikns" time="0.018"/>
  <system-out/>
  <testcase classname="com.test.test_scenarios.TestScenario1" name="loginDemo" time="9.743"/>
  <system-out/>
  <testcase classname="com.test.test_scenarios.TestScenario1" name="validateHomePageLikns" time="0.019"/>
  <system-out/>
</testsuite> <!-- com.test.test_scenarios.TestScenario1 -->
