<?xml version="1.0" encoding="UTF-8"?>
<!-- Generated by org.testng.reporters.JUnitReportReporter -->
<testsuite hostname="mahis-MacBook-Pro.local" failures="0" tests="4" name="com.test.test_scenarios.TestScenario2" time="24.758" errors="0" timestamp="2024-07-02T14:03:48 IST" skipped="0">
  <testcase classname="com.test.test_scenarios.TestScenario2" name="validated_Drag_Drop" time="2.626"/>
  <system-out/>
  <testcase classname="com.test.test_scenarios.TestScenario2" name="validateDatePicker" time="13.625"/>
  <system-out/>
  <testcase classname="com.test.test_scenarios.TestScenario2" name="validateFileUpload" time="7.670"/>
  <system-out/>
  <testcase classname="com.test.test_scenarios.TestScenario2" name="validate_HTML_Table" time="0.837"/>
  <system-out/>
</testsuite> <!-- com.test.test_scenarios.TestScenario2 -->
